<?xml version="1.0" encoding="UTF-8"?>
<!-- Generated by org.testng.reporters.JUnitReportReporter -->
<testsuite skipped="0" hostname="seljvm" name="com.mt.testcases.BankManagerLoginTest" tests="1" failures="0" timestamp="23 Mar 2021 13:14:55 GMT" time="3.574" errors="0">
  <testcase name="bankManagerLoginTest" time="3.574" classname="com.mt.testcases.BankManagerLoginTest"/>
</testsuite> <!-- com.mt.testcases.BankManagerLoginTest -->
