<?xml version="1.0" encoding="UTF-8"?>
<!-- Generated by org.testng.reporters.JUnitReportReporter -->
<testsuite skipped="0" hostname="seljvm" name="com.mt.testcases.OpenAccountTest" tests="1" failures="0" timestamp="23 Mar 2021 13:14:55 GMT" time="2.656" errors="0">
  <testcase name="openAccountTest" time="2.656" classname="com.mt.testcases.OpenAccountTest"/>
</testsuite> <!-- com.mt.testcases.OpenAccountTest -->
