<?xml version="1.0" encoding="UTF-8"?>
<!-- Generated by org.testng.reporters.JUnitReportReporter -->
<testsuite skipped="1" hostname="seljvm" name="com.mt.testcases.AddCustomerTest" tests="4" failures="0" timestamp="23 Mar 2021 13:14:55 GMT" time="12.876" errors="0">
  <testcase name="addCustomerTest" time="4.189" classname="com.mt.testcases.AddCustomerTest"/>
  <testcase name="addCustomerTest" time="4.175" classname="com.mt.testcases.AddCustomerTest"/>
  <testcase name="addCustomerTest" time="0.000" classname="com.mt.testcases.AddCustomerTest">
    <skipped/>
  </testcase> <!-- addCustomerTest -->
  <testcase name="addCustomerTest" time="4.512" classname="com.mt.testcases.AddCustomerTest"/>
</testsuite> <!-- com.mt.testcases.AddCustomerTest -->
