<?xml version="1.0" encoding="UTF-8"?>
<!-- Generated by org.testng.reporters.JUnitReportReporter -->
<testsuite skipped="0" hostname="seljvm" name="com.mt.testcases.LoginTest" tests="1" failures="0" timestamp="23 Mar 2021 12:52:31 GMT" time="1.765" errors="0">
  <testcase name="loginTest" time="1.765" classname="com.mt.testcases.LoginTest"/>
</testsuite> <!-- com.mt.testcases.LoginTest -->
