<?xml version="1.0" encoding="UTF-8"?>
<!-- Generated by org.testng.reporters.JUnitReportReporter -->
<testsuite skipped="0" hostname="seljvm" name="com.mt.testcases.CreateAccountTest" tests="1" failures="0" timestamp="23 Mar 2021 12:52:31 GMT" time="9.704" errors="0">
  <testcase name="createAccountTest" time="9.704" classname="com.mt.testcases.CreateAccountTest"/>
</testsuite> <!-- com.mt.testcases.CreateAccountTest -->
