<?xml version="1.0" encoding="UTF-8"?>
<!-- Generated by org.testng.reporters.JUnitReportReporter -->
<testsuite skipped="1" hostname="seljvm" name="com.mt.testcases.SignInTest" tests="2" failures="0" timestamp="20 Mar 2021 14:43:16 GMT" time="35.597" errors="0">
  <testcase name="signInTest" time="0.016" classname="com.mt.testcases.SignInTest">
    <skipped/>
  </testcase> <!-- signInTest -->
  <testcase name="signInTest" time="35.581" classname="com.mt.testcases.SignInTest"/>
</testsuite> <!-- com.mt.testcases.SignInTest -->
